{"/mnt/c/Users/Nicky Chen/SpringboardExercises/express-jobly/app.js": {"path":"/mnt/c/Users/Nicky Chen/SpringboardExercises/express-jobly/app.js","statementMap":{"0":{"start":{"line":5,"column":16},"end":{"line":5,"column":34}},"1":{"start":{"line":6,"column":13},"end":{"line":6,"column":28}},"2":{"start":{"line":8,"column":26},"end":{"line":8,"column":51}},"3":{"start":{"line":10,"column":28},"end":{"line":10,"column":56}},"4":{"start":{"line":11,"column":19},"end":{"line":11,"column":43}},"5":{"start":{"line":12,"column":24},"end":{"line":12,"column":53}},"6":{"start":{"line":13,"column":20},"end":{"line":13,"column":45}},"7":{"start":{"line":14,"column":19},"end":{"line":14,"column":43}},"8":{"start":{"line":16,"column":15},"end":{"line":16,"column":32}},"9":{"start":{"line":18,"column":12},"end":{"line":18,"column":21}},"10":{"start":{"line":20,"column":0},"end":{"line":20,"column":16}},"11":{"start":{"line":21,"column":0},"end":{"line":21,"column":24}},"12":{"start":{"line":22,"column":0},"end":{"line":22,"column":24}},"13":{"start":{"line":23,"column":0},"end":{"line":23,"column":25}},"14":{"start":{"line":25,"column":0},"end":{"line":25,"column":29}},"15":{"start":{"line":26,"column":0},"end":{"line":26,"column":39}},"16":{"start":{"line":27,"column":0},"end":{"line":27,"column":31}},"17":{"start":{"line":28,"column":0},"end":{"line":28,"column":29}},"18":{"start":{"line":32,"column":0},"end":{"line":34,"column":3}},"19":{"start":{"line":33,"column":2},"end":{"line":33,"column":35}},"20":{"start":{"line":37,"column":0},"end":{"line":45,"column":3}},"21":{"start":{"line":38,"column":2},"end":{"line":38,"column":64}},"22":{"start":{"line":38,"column":39},"end":{"line":38,"column":64}},"23":{"start":{"line":39,"column":17},"end":{"line":39,"column":34}},"24":{"start":{"line":40,"column":18},"end":{"line":40,"column":29}},"25":{"start":{"line":42,"column":2},"end":{"line":44,"column":5}},"26":{"start":{"line":47,"column":0},"end":{"line":47,"column":21}}},"fnMap":{"0":{"name":"(anonymous_0)","decl":{"start":{"line":32,"column":8},"end":{"line":32,"column":9}},"loc":{"start":{"line":32,"column":34},"end":{"line":34,"column":1}},"line":32},"1":{"name":"(anonymous_1)","decl":{"start":{"line":37,"column":8},"end":{"line":37,"column":9}},"loc":{"start":{"line":37,"column":39},"end":{"line":45,"column":1}},"line":37}},"branchMap":{"0":{"loc":{"start":{"line":38,"column":2},"end":{"line":38,"column":64}},"type":"if","locations":[{"start":{"line":38,"column":2},"end":{"line":38,"column":64}},{"start":{},"end":{}}],"line":38},"1":{"loc":{"start":{"line":39,"column":17},"end":{"line":39,"column":34}},"type":"binary-expr","locations":[{"start":{"line":39,"column":17},"end":{"line":39,"column":27}},{"start":{"line":39,"column":31},"end":{"line":39,"column":34}}],"line":39}},"s":{"0":5,"1":5,"2":5,"3":5,"4":5,"5":5,"6":5,"7":5,"8":5,"9":5,"10":5,"11":5,"12":5,"13":5,"14":5,"15":5,"16":5,"17":5,"18":5,"19":2,"20":5,"21":56,"22":1,"23":56,"24":56,"25":56,"26":5},"f":{"0":2,"1":56},"b":{"0":[1,55],"1":[56,3]},"_coverageSchema":"1a1c01bbd47fc00a2c39e90264f33305004495a9","hash":"afc030f930fde8c1f66d99b5d24523a56c965e91"}
,"/mnt/c/Users/Nicky Chen/SpringboardExercises/express-jobly/config.js": {"path":"/mnt/c/Users/Nicky Chen/SpringboardExercises/express-jobly/config.js","statementMap":{"0":{"start":{"line":5,"column":0},"end":{"line":5,"column":27}},"1":{"start":{"line":6,"column":0},"end":{"line":6,"column":18}},"2":{"start":{"line":8,"column":19},"end":{"line":8,"column":57}},"3":{"start":{"line":10,"column":13},"end":{"line":10,"column":38}},"4":{"start":{"line":14,"column":2},"end":{"line":16,"column":58}},"5":{"start":{"line":22,"column":27},"end":{"line":22,"column":67}},"6":{"start":{"line":24,"column":0},"end":{"line":24,"column":35}},"7":{"start":{"line":25,"column":0},"end":{"line":25,"column":46}},"8":{"start":{"line":26,"column":0},"end":{"line":26,"column":45}},"9":{"start":{"line":27,"column":0},"end":{"line":27,"column":61}},"10":{"start":{"line":28,"column":0},"end":{"line":28,"column":50}},"11":{"start":{"line":29,"column":0},"end":{"line":29,"column":19}},"12":{"start":{"line":31,"column":0},"end":{"line":36,"column":2}}},"fnMap":{"0":{"name":"getDatabaseUri","decl":{"start":{"line":13,"column":9},"end":{"line":13,"column":23}},"loc":{"start":{"line":13,"column":26},"end":{"line":17,"column":1}},"line":13}},"branchMap":{"0":{"loc":{"start":{"line":8,"column":19},"end":{"line":8,"column":57}},"type":"binary-expr","locations":[{"start":{"line":8,"column":19},"end":{"line":8,"column":41}},{"start":{"line":8,"column":45},"end":{"line":8,"column":57}}],"line":8},"1":{"loc":{"start":{"line":10,"column":13},"end":{"line":10,"column":38}},"type":"binary-expr","locations":[{"start":{"line":10,"column":13},"end":{"line":10,"column":30}},{"start":{"line":10,"column":34},"end":{"line":10,"column":38}}],"line":10},"2":{"loc":{"start":{"line":14,"column":9},"end":{"line":16,"column":57}},"type":"cond-expr","locations":[{"start":{"line":15,"column":8},"end":{"line":15,"column":34}},{"start":{"line":16,"column":8},"end":{"line":16,"column":57}}],"line":14},"3":{"loc":{"start":{"line":16,"column":8},"end":{"line":16,"column":57}},"type":"binary-expr","locations":[{"start":{"line":16,"column":8},"end":{"line":16,"column":32}},{"start":{"line":16,"column":36},"end":{"line":16,"column":57}}],"line":16},"4":{"loc":{"start":{"line":22,"column":27},"end":{"line":22,"column":67}},"type":"cond-expr","locations":[{"start":{"line":22,"column":61},"end":{"line":22,"column":62}},{"start":{"line":22,"column":65},"end":{"line":22,"column":67}}],"line":22}},"s":{"0":11,"1":11,"2":11,"3":11,"4":22,"5":11,"6":11,"7":11,"8":11,"9":11,"10":11,"11":11,"12":11},"f":{"0":22},"b":{"0":[11,10],"1":[11,10],"2":[19,3],"3":[3,1],"4":[10,1]},"_coverageSchema":"1a1c01bbd47fc00a2c39e90264f33305004495a9","hash":"1fabbeb911f3ec2a08380ae1477fe8a917c83b8c"}
,"/mnt/c/Users/Nicky Chen/SpringboardExercises/express-jobly/db.js": {"path":"/mnt/c/Users/Nicky Chen/SpringboardExercises/express-jobly/db.js","statementMap":{"0":{"start":{"line":3,"column":19},"end":{"line":3,"column":32}},"1":{"start":{"line":4,"column":27},"end":{"line":4,"column":46}},"2":{"start":{"line":8,"column":0},"end":{"line":19,"column":1}},"3":{"start":{"line":9,"column":2},"end":{"line":14,"column":5}},"4":{"start":{"line":16,"column":2},"end":{"line":18,"column":5}},"5":{"start":{"line":21,"column":0},"end":{"line":21,"column":13}},"6":{"start":{"line":23,"column":0},"end":{"line":23,"column":20}}},"fnMap":{},"branchMap":{"0":{"loc":{"start":{"line":8,"column":0},"end":{"line":19,"column":1}},"type":"if","locations":[{"start":{"line":8,"column":0},"end":{"line":19,"column":1}},{"start":{"line":15,"column":7},"end":{"line":19,"column":1}}],"line":8}},"s":{"0":8,"1":8,"2":8,"3":0,"4":8,"5":8,"6":8},"f":{},"b":{"0":[0,8]},"_coverageSchema":"1a1c01bbd47fc00a2c39e90264f33305004495a9","hash":"233123d81bd838a8dd0a7c8b91fda9073a84aaac"}
,"/mnt/c/Users/Nicky Chen/SpringboardExercises/express-jobly/expressError.js": {"path":"/mnt/c/Users/Nicky Chen/SpringboardExercises/express-jobly/expressError.js","statementMap":{"0":{"start":{"line":9,"column":4},"end":{"line":9,"column":12}},"1":{"start":{"line":10,"column":4},"end":{"line":10,"column":27}},"2":{"start":{"line":11,"column":4},"end":{"line":11,"column":25}},"3":{"start":{"line":19,"column":4},"end":{"line":19,"column":24}},"4":{"start":{"line":27,"column":4},"end":{"line":27,"column":24}},"5":{"start":{"line":35,"column":4},"end":{"line":35,"column":24}},"6":{"start":{"line":43,"column":4},"end":{"line":43,"column":24}},"7":{"start":{"line":47,"column":0},"end":{"line":53,"column":2}}},"fnMap":{"0":{"name":"(anonymous_0)","decl":{"start":{"line":8,"column":2},"end":{"line":8,"column":3}},"loc":{"start":{"line":8,"column":31},"end":{"line":12,"column":3}},"line":8},"1":{"name":"(anonymous_1)","decl":{"start":{"line":18,"column":2},"end":{"line":18,"column":3}},"loc":{"start":{"line":18,"column":37},"end":{"line":20,"column":3}},"line":18},"2":{"name":"(anonymous_2)","decl":{"start":{"line":26,"column":2},"end":{"line":26,"column":3}},"loc":{"start":{"line":26,"column":40},"end":{"line":28,"column":3}},"line":26},"3":{"name":"(anonymous_3)","decl":{"start":{"line":34,"column":2},"end":{"line":34,"column":3}},"loc":{"start":{"line":34,"column":39},"end":{"line":36,"column":3}},"line":34},"4":{"name":"(anonymous_4)","decl":{"start":{"line":42,"column":2},"end":{"line":42,"column":3}},"loc":{"start":{"line":42,"column":39},"end":{"line":44,"column":3}},"line":42}},"branchMap":{"0":{"loc":{"start":{"line":18,"column":14},"end":{"line":18,"column":35}},"type":"default-arg","locations":[{"start":{"line":18,"column":24},"end":{"line":18,"column":35}}],"line":18},"1":{"loc":{"start":{"line":26,"column":14},"end":{"line":26,"column":38}},"type":"default-arg","locations":[{"start":{"line":26,"column":24},"end":{"line":26,"column":38}}],"line":26},"2":{"loc":{"start":{"line":34,"column":14},"end":{"line":34,"column":37}},"type":"default-arg","locations":[{"start":{"line":34,"column":24},"end":{"line":34,"column":37}}],"line":34},"3":{"loc":{"start":{"line":42,"column":14},"end":{"line":42,"column":37}},"type":"default-arg","locations":[{"start":{"line":42,"column":24},"end":{"line":42,"column":37}}],"line":42}},"s":{"0":72,"1":72,"2":72,"3":22,"4":26,"5":22,"6":0,"7":10},"f":{"0":72,"1":22,"2":26,"3":22,"4":0},"b":{"0":[2],"1":[22],"2":[0],"3":[0]},"_coverageSchema":"1a1c01bbd47fc00a2c39e90264f33305004495a9","hash":"459caf1a67ecc4f99afa9974c54ece676c81f069"}
,"/mnt/c/Users/Nicky Chen/SpringboardExercises/express-jobly/helpers/sql.js": {"path":"/mnt/c/Users/Nicky Chen/SpringboardExercises/express-jobly/helpers/sql.js","statementMap":{"0":{"start":{"line":1,"column":28},"end":{"line":1,"column":54}},"1":{"start":{"line":11,"column":15},"end":{"line":11,"column":40}},"2":{"start":{"line":12,"column":2},"end":{"line":12,"column":62}},"3":{"start":{"line":12,"column":25},"end":{"line":12,"column":62}},"4":{"start":{"line":18,"column":15},"end":{"line":20,"column":3}},"5":{"start":{"line":19,"column":6},"end":{"line":19,"column":52}},"6":{"start":{"line":23,"column":2},"end":{"line":26,"column":4}},"7":{"start":{"line":29,"column":0},"end":{"line":29,"column":41}}},"fnMap":{"0":{"name":"sqlForPartialUpdate","decl":{"start":{"line":9,"column":9},"end":{"line":9,"column":28}},"loc":{"start":{"line":9,"column":52},"end":{"line":27,"column":1}},"line":9},"1":{"name":"(anonymous_1)","decl":{"start":{"line":18,"column":24},"end":{"line":18,"column":25}},"loc":{"start":{"line":19,"column":6},"end":{"line":19,"column":52}},"line":19}},"branchMap":{"0":{"loc":{"start":{"line":12,"column":2},"end":{"line":12,"column":62}},"type":"if","locations":[{"start":{"line":12,"column":2},"end":{"line":12,"column":62}},{"start":{},"end":{}}],"line":12},"1":{"loc":{"start":{"line":19,"column":10},"end":{"line":19,"column":37}},"type":"binary-expr","locations":[{"start":{"line":19,"column":10},"end":{"line":19,"column":26}},{"start":{"line":19,"column":30},"end":{"line":19,"column":37}}],"line":19}},"s":{"0":9,"1":23,"2":23,"3":4,"4":19,"5":41,"6":19,"7":9},"f":{"0":23,"1":41},"b":{"0":[4,19],"1":[41,25]},"_coverageSchema":"1a1c01bbd47fc00a2c39e90264f33305004495a9","hash":"14478565caa45b2b083524d907a5c51938f9456b"}
,"/mnt/c/Users/Nicky Chen/SpringboardExercises/express-jobly/helpers/tokens.js": {"path":"/mnt/c/Users/Nicky Chen/SpringboardExercises/express-jobly/helpers/tokens.js","statementMap":{"0":{"start":{"line":1,"column":12},"end":{"line":1,"column":35}},"1":{"start":{"line":2,"column":23},"end":{"line":2,"column":43}},"2":{"start":{"line":7,"column":2},"end":{"line":8,"column":58}},"3":{"start":{"line":10,"column":16},"end":{"line":13,"column":3}},"4":{"start":{"line":15,"column":2},"end":{"line":15,"column":39}},"5":{"start":{"line":18,"column":0},"end":{"line":18,"column":33}}},"fnMap":{"0":{"name":"createToken","decl":{"start":{"line":6,"column":9},"end":{"line":6,"column":20}},"loc":{"start":{"line":6,"column":27},"end":{"line":16,"column":1}},"line":6}},"branchMap":{"0":{"loc":{"start":{"line":12,"column":13},"end":{"line":12,"column":34}},"type":"binary-expr","locations":[{"start":{"line":12,"column":13},"end":{"line":12,"column":25}},{"start":{"line":12,"column":29},"end":{"line":12,"column":34}}],"line":12}},"s":{"0":6,"1":6,"2":15,"3":15,"4":15,"5":6},"f":{"0":15},"b":{"0":[15,8]},"_coverageSchema":"1a1c01bbd47fc00a2c39e90264f33305004495a9","hash":"fe5f93516abac5b132cc5386abe310420d78df0d"}
,"/mnt/c/Users/Nicky Chen/SpringboardExercises/express-jobly/middleware/auth.js": {"path":"/mnt/c/Users/Nicky Chen/SpringboardExercises/express-jobly/middleware/auth.js","statementMap":{"0":{"start":{"line":5,"column":12},"end":{"line":5,"column":35}},"1":{"start":{"line":6,"column":23},"end":{"line":6,"column":43}},"2":{"start":{"line":7,"column":30},"end":{"line":7,"column":56}},"3":{"start":{"line":19,"column":2},"end":{"line":28,"column":3}},"4":{"start":{"line":20,"column":23},"end":{"line":20,"column":63}},"5":{"start":{"line":21,"column":4},"end":{"line":24,"column":5}},"6":{"start":{"line":22,"column":20},"end":{"line":22,"column":64}},"7":{"start":{"line":23,"column":6},"end":{"line":23,"column":54}},"8":{"start":{"line":25,"column":4},"end":{"line":25,"column":18}},"9":{"start":{"line":27,"column":4},"end":{"line":27,"column":18}},"10":{"start":{"line":37,"column":2},"end":{"line":42,"column":3}},"11":{"start":{"line":38,"column":4},"end":{"line":38,"column":56}},"12":{"start":{"line":38,"column":26},"end":{"line":38,"column":56}},"13":{"start":{"line":39,"column":4},"end":{"line":39,"column":18}},"14":{"start":{"line":41,"column":4},"end":{"line":41,"column":21}},"15":{"start":{"line":51,"column":2},"end":{"line":56,"column":3}},"16":{"start":{"line":52,"column":4},"end":{"line":52,"column":84}},"17":{"start":{"line":52,"column":54},"end":{"line":52,"column":84}},"18":{"start":{"line":53,"column":4},"end":{"line":53,"column":18}},"19":{"start":{"line":55,"column":4},"end":{"line":55,"column":21}},"20":{"start":{"line":65,"column":2},"end":{"line":73,"column":3}},"21":{"start":{"line":66,"column":4},"end":{"line":66,"column":56}},"22":{"start":{"line":66,"column":26},"end":{"line":66,"column":56}},"23":{"start":{"line":67,"column":17},"end":{"line":67,"column":32}},"24":{"start":{"line":68,"column":21},"end":{"line":68,"column":40}},"25":{"start":{"line":69,"column":4},"end":{"line":69,"column":83}},"26":{"start":{"line":69,"column":53},"end":{"line":69,"column":83}},"27":{"start":{"line":70,"column":4},"end":{"line":70,"column":18}},"28":{"start":{"line":72,"column":4},"end":{"line":72,"column":21}},"29":{"start":{"line":76,"column":0},"end":{"line":81,"column":2}}},"fnMap":{"0":{"name":"authenticateJWT","decl":{"start":{"line":18,"column":9},"end":{"line":18,"column":24}},"loc":{"start":{"line":18,"column":41},"end":{"line":29,"column":1}},"line":18},"1":{"name":"ensureLoggedIn","decl":{"start":{"line":36,"column":9},"end":{"line":36,"column":23}},"loc":{"start":{"line":36,"column":40},"end":{"line":43,"column":1}},"line":36},"2":{"name":"ensureIsAdmin","decl":{"start":{"line":50,"column":9},"end":{"line":50,"column":22}},"loc":{"start":{"line":50,"column":39},"end":{"line":57,"column":1}},"line":50},"3":{"name":"ensureUserOrAdmin","decl":{"start":{"line":64,"column":9},"end":{"line":64,"column":26}},"loc":{"start":{"line":64,"column":43},"end":{"line":74,"column":1}},"line":64}},"branchMap":{"0":{"loc":{"start":{"line":20,"column":23},"end":{"line":20,"column":63}},"type":"binary-expr","locations":[{"start":{"line":20,"column":23},"end":{"line":20,"column":34}},{"start":{"line":20,"column":38},"end":{"line":20,"column":63}}],"line":20},"1":{"loc":{"start":{"line":21,"column":4},"end":{"line":24,"column":5}},"type":"if","locations":[{"start":{"line":21,"column":4},"end":{"line":24,"column":5}},{"start":{},"end":{}}],"line":21},"2":{"loc":{"start":{"line":38,"column":4},"end":{"line":38,"column":56}},"type":"if","locations":[{"start":{"line":38,"column":4},"end":{"line":38,"column":56}},{"start":{},"end":{}}],"line":38},"3":{"loc":{"start":{"line":52,"column":4},"end":{"line":52,"column":84}},"type":"if","locations":[{"start":{"line":52,"column":4},"end":{"line":52,"column":84}},{"start":{},"end":{}}],"line":52},"4":{"loc":{"start":{"line":52,"column":8},"end":{"line":52,"column":52}},"type":"binary-expr","locations":[{"start":{"line":52,"column":8},"end":{"line":52,"column":24}},{"start":{"line":52,"column":28},"end":{"line":52,"column":52}}],"line":52},"5":{"loc":{"start":{"line":66,"column":4},"end":{"line":66,"column":56}},"type":"if","locations":[{"start":{"line":66,"column":4},"end":{"line":66,"column":56}},{"start":{},"end":{}}],"line":66},"6":{"loc":{"start":{"line":69,"column":4},"end":{"line":69,"column":83}},"type":"if","locations":[{"start":{"line":69,"column":4},"end":{"line":69,"column":83}},{"start":{},"end":{}}],"line":69},"7":{"loc":{"start":{"line":69,"column":8},"end":{"line":69,"column":51}},"type":"binary-expr","locations":[{"start":{"line":69,"column":8},"end":{"line":69,"column":34}},{"start":{"line":69,"column":38},"end":{"line":69,"column":51}}],"line":69}},"s":{"0":6,"1":6,"2":6,"3":89,"4":89,"5":89,"6":56,"7":56,"8":88,"9":1,"10":2,"11":2,"12":1,"13":1,"14":1,"15":38,"16":38,"17":14,"18":24,"19":14,"20":23,"21":23,"22":3,"23":20,"24":20,"25":20,"26":4,"27":16,"28":7,"29":6},"f":{"0":89,"1":2,"2":38,"3":23},"b":{"0":[89,88],"1":[56,33],"2":[1,1],"3":[14,24],"4":[38,32],"5":[3,20],"6":[4,16],"7":[20,9]},"_coverageSchema":"1a1c01bbd47fc00a2c39e90264f33305004495a9","hash":"44504548ece0bebdd3985614c8c9e8c19eaf8f90"}
,"/mnt/c/Users/Nicky Chen/SpringboardExercises/express-jobly/models/_testCommon.js": {"path":"/mnt/c/Users/Nicky Chen/SpringboardExercises/express-jobly/models/_testCommon.js","statementMap":{"0":{"start":{"line":1,"column":15},"end":{"line":1,"column":32}},"1":{"start":{"line":3,"column":11},"end":{"line":3,"column":30}},"2":{"start":{"line":4,"column":31},"end":{"line":4,"column":51}},"3":{"start":{"line":8,"column":2},"end":{"line":8,"column":42}},"4":{"start":{"line":10,"column":2},"end":{"line":10,"column":38}},"5":{"start":{"line":12,"column":2},"end":{"line":12,"column":37}},"6":{"start":{"line":14,"column":2},"end":{"line":18,"column":55}},"7":{"start":{"line":20,"column":2},"end":{"line":32,"column":9}},"8":{"start":{"line":34,"column":2},"end":{"line":38,"column":39}},"9":{"start":{"line":43,"column":2},"end":{"line":43,"column":26}},"10":{"start":{"line":47,"column":2},"end":{"line":47,"column":29}},"11":{"start":{"line":51,"column":2},"end":{"line":51,"column":17}},"12":{"start":{"line":55,"column":17},"end":{"line":55,"column":21}},"13":{"start":{"line":56,"column":12},"end":{"line":56,"column":76}},"14":{"start":{"line":57,"column":13},"end":{"line":57,"column":24}},"15":{"start":{"line":58,"column":2},"end":{"line":58,"column":12}},"16":{"start":{"line":61,"column":0},"end":{"line":67,"column":2}}},"fnMap":{"0":{"name":"commonBeforeAll","decl":{"start":{"line":6,"column":15},"end":{"line":6,"column":30}},"loc":{"start":{"line":6,"column":33},"end":{"line":40,"column":1}},"line":6},"1":{"name":"commonBeforeEach","decl":{"start":{"line":42,"column":15},"end":{"line":42,"column":31}},"loc":{"start":{"line":42,"column":34},"end":{"line":44,"column":1}},"line":42},"2":{"name":"commonAfterEach","decl":{"start":{"line":46,"column":15},"end":{"line":46,"column":30}},"loc":{"start":{"line":46,"column":33},"end":{"line":48,"column":1}},"line":46},"3":{"name":"commonAfterAll","decl":{"start":{"line":50,"column":15},"end":{"line":50,"column":29}},"loc":{"start":{"line":50,"column":32},"end":{"line":52,"column":1}},"line":50},"4":{"name":"getJobId","decl":{"start":{"line":54,"column":15},"end":{"line":54,"column":23}},"loc":{"start":{"line":54,"column":26},"end":{"line":59,"column":1}},"line":54}},"branchMap":{},"s":{"0":3,"1":3,"2":3,"3":3,"4":3,"5":3,"6":3,"7":3,"8":3,"9":46,"10":46,"11":3,"12":6,"13":6,"14":6,"15":6,"16":3},"f":{"0":3,"1":46,"2":46,"3":3,"4":6},"b":{},"_coverageSchema":"1a1c01bbd47fc00a2c39e90264f33305004495a9","hash":"514d924633852632630c953d20529a470d9ab4bd"}
,"/mnt/c/Users/Nicky Chen/SpringboardExercises/express-jobly/models/company.js": {"path":"/mnt/c/Users/Nicky Chen/SpringboardExercises/express-jobly/models/company.js","statementMap":{"0":{"start":{"line":3,"column":11},"end":{"line":3,"column":27}},"1":{"start":{"line":4,"column":43},"end":{"line":4,"column":69}},"2":{"start":{"line":5,"column":32},"end":{"line":5,"column":57}},"3":{"start":{"line":20,"column":27},"end":{"line":24,"column":17}},"4":{"start":{"line":26,"column":4},"end":{"line":27,"column":64}},"5":{"start":{"line":27,"column":6},"end":{"line":27,"column":64}},"6":{"start":{"line":29,"column":19},"end":{"line":41,"column":5}},"7":{"start":{"line":42,"column":20},"end":{"line":42,"column":34}},"8":{"start":{"line":44,"column":4},"end":{"line":44,"column":19}},"9":{"start":{"line":53,"column":25},"end":{"line":60,"column":26}},"10":{"start":{"line":61,"column":4},"end":{"line":61,"column":29}},"11":{"start":{"line":68,"column":48},"end":{"line":68,"column":54}},"12":{"start":{"line":69,"column":16},"end":{"line":75,"column":27}},"13":{"start":{"line":76,"column":19},"end":{"line":76,"column":21}},"14":{"start":{"line":77,"column":26},"end":{"line":77,"column":28}},"15":{"start":{"line":78,"column":14},"end":{"line":78,"column":15}},"16":{"start":{"line":80,"column":4},"end":{"line":84,"column":5}},"17":{"start":{"line":81,"column":6},"end":{"line":81,"column":12}},"18":{"start":{"line":82,"column":6},"end":{"line":82,"column":31}},"19":{"start":{"line":83,"column":6},"end":{"line":83,"column":47}},"20":{"start":{"line":85,"column":4},"end":{"line":89,"column":5}},"21":{"start":{"line":86,"column":6},"end":{"line":86,"column":12}},"22":{"start":{"line":87,"column":6},"end":{"line":87,"column":42}},"23":{"start":{"line":88,"column":6},"end":{"line":88,"column":53}},"24":{"start":{"line":90,"column":4},"end":{"line":94,"column":5}},"25":{"start":{"line":91,"column":6},"end":{"line":91,"column":12}},"26":{"start":{"line":92,"column":6},"end":{"line":92,"column":42}},"27":{"start":{"line":93,"column":6},"end":{"line":93,"column":53}},"28":{"start":{"line":95,"column":4},"end":{"line":98,"column":5}},"29":{"start":{"line":96,"column":6},"end":{"line":96,"column":23}},"30":{"start":{"line":97,"column":6},"end":{"line":97,"column":43}},"31":{"start":{"line":99,"column":4},"end":{"line":99,"column":17}},"32":{"start":{"line":100,"column":23},"end":{"line":100,"column":52}},"33":{"start":{"line":101,"column":4},"end":{"line":101,"column":27}},"34":{"start":{"line":113,"column":23},"end":{"line":121,"column":17}},"35":{"start":{"line":122,"column":20},"end":{"line":122,"column":38}},"36":{"start":{"line":123,"column":4},"end":{"line":123,"column":67}},"37":{"start":{"line":123,"column":18},"end":{"line":123,"column":67}},"38":{"start":{"line":124,"column":19},"end":{"line":128,"column":5}},"39":{"start":{"line":129,"column":4},"end":{"line":129,"column":31}},"40":{"start":{"line":130,"column":4},"end":{"line":130,"column":19}},"41":{"start":{"line":146,"column":32},"end":{"line":151,"column":10}},"42":{"start":{"line":152,"column":25},"end":{"line":152,"column":50}},"43":{"start":{"line":154,"column":21},"end":{"line":161,"column":54}},"44":{"start":{"line":162,"column":19},"end":{"line":162,"column":64}},"45":{"start":{"line":163,"column":20},"end":{"line":163,"column":34}},"46":{"start":{"line":165,"column":4},"end":{"line":165,"column":67}},"47":{"start":{"line":165,"column":18},"end":{"line":165,"column":67}},"48":{"start":{"line":167,"column":4},"end":{"line":167,"column":19}},"49":{"start":{"line":176,"column":19},"end":{"line":181,"column":17}},"50":{"start":{"line":182,"column":20},"end":{"line":182,"column":34}},"51":{"start":{"line":184,"column":4},"end":{"line":184,"column":67}},"52":{"start":{"line":184,"column":18},"end":{"line":184,"column":67}},"53":{"start":{"line":189,"column":0},"end":{"line":189,"column":25}}},"fnMap":{"0":{"name":"(anonymous_0)","decl":{"start":{"line":19,"column":2},"end":{"line":19,"column":3}},"loc":{"start":{"line":19,"column":76},"end":{"line":45,"column":3}},"line":19},"1":{"name":"(anonymous_1)","decl":{"start":{"line":52,"column":2},"end":{"line":52,"column":3}},"loc":{"start":{"line":52,"column":25},"end":{"line":62,"column":3}},"line":52},"2":{"name":"(anonymous_2)","decl":{"start":{"line":67,"column":2},"end":{"line":67,"column":3}},"loc":{"start":{"line":67,"column":32},"end":{"line":102,"column":3}},"line":67},"3":{"name":"(anonymous_3)","decl":{"start":{"line":112,"column":2},"end":{"line":112,"column":3}},"loc":{"start":{"line":112,"column":27},"end":{"line":131,"column":3}},"line":112},"4":{"name":"(anonymous_4)","decl":{"start":{"line":145,"column":2},"end":{"line":145,"column":3}},"loc":{"start":{"line":145,"column":36},"end":{"line":168,"column":3}},"line":145},"5":{"name":"(anonymous_5)","decl":{"start":{"line":175,"column":2},"end":{"line":175,"column":3}},"loc":{"start":{"line":175,"column":30},"end":{"line":185,"column":3}},"line":175}},"branchMap":{"0":{"loc":{"start":{"line":26,"column":4},"end":{"line":27,"column":64}},"type":"if","locations":[{"start":{"line":26,"column":4},"end":{"line":27,"column":64}},{"start":{},"end":{}}],"line":26},"1":{"loc":{"start":{"line":80,"column":4},"end":{"line":84,"column":5}},"type":"if","locations":[{"start":{"line":80,"column":4},"end":{"line":84,"column":5}},{"start":{},"end":{}}],"line":80},"2":{"loc":{"start":{"line":85,"column":4},"end":{"line":89,"column":5}},"type":"if","locations":[{"start":{"line":85,"column":4},"end":{"line":89,"column":5}},{"start":{},"end":{}}],"line":85},"3":{"loc":{"start":{"line":90,"column":4},"end":{"line":94,"column":5}},"type":"if","locations":[{"start":{"line":90,"column":4},"end":{"line":94,"column":5}},{"start":{},"end":{}}],"line":90},"4":{"loc":{"start":{"line":95,"column":4},"end":{"line":98,"column":5}},"type":"if","locations":[{"start":{"line":95,"column":4},"end":{"line":98,"column":5}},{"start":{},"end":{}}],"line":95},"5":{"loc":{"start":{"line":123,"column":4},"end":{"line":123,"column":67}},"type":"if","locations":[{"start":{"line":123,"column":4},"end":{"line":123,"column":67}},{"start":{},"end":{}}],"line":123},"6":{"loc":{"start":{"line":165,"column":4},"end":{"line":165,"column":67}},"type":"if","locations":[{"start":{"line":165,"column":4},"end":{"line":165,"column":67}},{"start":{},"end":{}}],"line":165},"7":{"loc":{"start":{"line":184,"column":4},"end":{"line":184,"column":67}},"type":"if","locations":[{"start":{"line":184,"column":4},"end":{"line":184,"column":67}},{"start":{},"end":{}}],"line":184}},"s":{"0":6,"1":6,"2":6,"3":16,"4":16,"5":1,"6":15,"7":15,"8":15,"9":3,"10":2,"11":5,"12":5,"13":5,"14":5,"15":5,"16":5,"17":5,"18":5,"19":5,"20":5,"21":4,"22":4,"23":4,"24":5,"25":4,"26":4,"27":4,"28":5,"29":5,"30":5,"31":5,"32":5,"33":5,"34":5,"35":5,"36":5,"37":2,"38":3,"39":3,"40":3,"41":6,"42":5,"43":5,"44":5,"45":5,"46":5,"47":2,"48":3,"49":4,"50":4,"51":4,"52":2,"53":6},"f":{"0":16,"1":3,"2":5,"3":5,"4":6,"5":4},"b":{"0":[1,15],"1":[5,0],"2":[4,1],"3":[4,1],"4":[5,0],"5":[2,3],"6":[2,3],"7":[2,2]},"_coverageSchema":"1a1c01bbd47fc00a2c39e90264f33305004495a9","hash":"3288be1900166ad8cfb9030b6a03a19554d87b12"}
,"/mnt/c/Users/Nicky Chen/SpringboardExercises/express-jobly/models/job.js": {"path":"/mnt/c/Users/Nicky Chen/SpringboardExercises/express-jobly/models/job.js","statementMap":{"0":{"start":{"line":3,"column":11},"end":{"line":3,"column":27}},"1":{"start":{"line":4,"column":43},"end":{"line":4,"column":69}},"2":{"start":{"line":5,"column":32},"end":{"line":5,"column":57}},"3":{"start":{"line":21,"column":27},"end":{"line":25,"column":32}},"4":{"start":{"line":27,"column":6},"end":{"line":28,"column":91}},"5":{"start":{"line":28,"column":8},"end":{"line":28,"column":91}},"6":{"start":{"line":30,"column":19},"end":{"line":41,"column":5}},"7":{"start":{"line":42,"column":16},"end":{"line":42,"column":30}},"8":{"start":{"line":44,"column":4},"end":{"line":44,"column":15}},"9":{"start":{"line":53,"column":19},"end":{"line":60,"column":27}},"10":{"start":{"line":61,"column":4},"end":{"line":61,"column":23}},"11":{"start":{"line":69,"column":43},"end":{"line":69,"column":49}},"12":{"start":{"line":70,"column":16},"end":{"line":76,"column":27}},"13":{"start":{"line":77,"column":19},"end":{"line":77,"column":21}},"14":{"start":{"line":78,"column":26},"end":{"line":78,"column":28}},"15":{"start":{"line":79,"column":14},"end":{"line":79,"column":15}},"16":{"start":{"line":81,"column":4},"end":{"line":85,"column":5}},"17":{"start":{"line":82,"column":6},"end":{"line":82,"column":12}},"18":{"start":{"line":83,"column":6},"end":{"line":83,"column":32}},"19":{"start":{"line":84,"column":6},"end":{"line":84,"column":48}},"20":{"start":{"line":86,"column":4},"end":{"line":90,"column":5}},"21":{"start":{"line":87,"column":6},"end":{"line":87,"column":12}},"22":{"start":{"line":88,"column":6},"end":{"line":88,"column":39}},"23":{"start":{"line":89,"column":6},"end":{"line":89,"column":46}},"24":{"start":{"line":91,"column":4},"end":{"line":94,"column":5}},"25":{"start":{"line":92,"column":6},"end":{"line":92,"column":12}},"26":{"start":{"line":93,"column":6},"end":{"line":93,"column":39}},"27":{"start":{"line":95,"column":4},"end":{"line":98,"column":5}},"28":{"start":{"line":96,"column":6},"end":{"line":96,"column":23}},"29":{"start":{"line":97,"column":6},"end":{"line":97,"column":43}},"30":{"start":{"line":99,"column":4},"end":{"line":99,"column":17}},"31":{"start":{"line":100,"column":19},"end":{"line":100,"column":48}},"32":{"start":{"line":101,"column":4},"end":{"line":101,"column":23}},"33":{"start":{"line":112,"column":19},"end":{"line":120,"column":13}},"34":{"start":{"line":122,"column":16},"end":{"line":122,"column":30}},"35":{"start":{"line":124,"column":4},"end":{"line":124,"column":55}},"36":{"start":{"line":124,"column":14},"end":{"line":124,"column":55}},"37":{"start":{"line":126,"column":4},"end":{"line":126,"column":15}},"38":{"start":{"line":142,"column":32},"end":{"line":146,"column":10}},"39":{"start":{"line":147,"column":18},"end":{"line":147,"column":35}},"40":{"start":{"line":148,"column":21},"end":{"line":155,"column":66}},"41":{"start":{"line":156,"column":19},"end":{"line":156,"column":60}},"42":{"start":{"line":157,"column":16},"end":{"line":157,"column":30}},"43":{"start":{"line":159,"column":4},"end":{"line":159,"column":55}},"44":{"start":{"line":159,"column":14},"end":{"line":159,"column":55}},"45":{"start":{"line":161,"column":4},"end":{"line":161,"column":15}},"46":{"start":{"line":170,"column":19},"end":{"line":175,"column":13}},"47":{"start":{"line":176,"column":16},"end":{"line":176,"column":30}},"48":{"start":{"line":178,"column":4},"end":{"line":178,"column":55}},"49":{"start":{"line":178,"column":14},"end":{"line":178,"column":55}},"50":{"start":{"line":183,"column":0},"end":{"line":183,"column":21}}},"fnMap":{"0":{"name":"(anonymous_0)","decl":{"start":{"line":19,"column":2},"end":{"line":19,"column":3}},"loc":{"start":{"line":19,"column":65},"end":{"line":45,"column":3}},"line":19},"1":{"name":"(anonymous_1)","decl":{"start":{"line":52,"column":2},"end":{"line":52,"column":3}},"loc":{"start":{"line":52,"column":25},"end":{"line":62,"column":3}},"line":52},"2":{"name":"(anonymous_2)","decl":{"start":{"line":68,"column":2},"end":{"line":68,"column":3}},"loc":{"start":{"line":68,"column":32},"end":{"line":102,"column":3}},"line":68},"3":{"name":"(anonymous_3)","decl":{"start":{"line":111,"column":2},"end":{"line":111,"column":3}},"loc":{"start":{"line":111,"column":23},"end":{"line":127,"column":3}},"line":111},"4":{"name":"(anonymous_4)","decl":{"start":{"line":141,"column":2},"end":{"line":141,"column":3}},"loc":{"start":{"line":141,"column":32},"end":{"line":162,"column":3}},"line":141},"5":{"name":"(anonymous_5)","decl":{"start":{"line":169,"column":2},"end":{"line":169,"column":3}},"loc":{"start":{"line":169,"column":26},"end":{"line":179,"column":3}},"line":169}},"branchMap":{"0":{"loc":{"start":{"line":27,"column":6},"end":{"line":28,"column":91}},"type":"if","locations":[{"start":{"line":27,"column":6},"end":{"line":28,"column":91}},{"start":{},"end":{}}],"line":27},"1":{"loc":{"start":{"line":81,"column":4},"end":{"line":85,"column":5}},"type":"if","locations":[{"start":{"line":81,"column":4},"end":{"line":85,"column":5}},{"start":{},"end":{}}],"line":81},"2":{"loc":{"start":{"line":86,"column":4},"end":{"line":90,"column":5}},"type":"if","locations":[{"start":{"line":86,"column":4},"end":{"line":90,"column":5}},{"start":{},"end":{}}],"line":86},"3":{"loc":{"start":{"line":91,"column":4},"end":{"line":94,"column":5}},"type":"if","locations":[{"start":{"line":91,"column":4},"end":{"line":94,"column":5}},{"start":{},"end":{}}],"line":91},"4":{"loc":{"start":{"line":95,"column":4},"end":{"line":98,"column":5}},"type":"if","locations":[{"start":{"line":95,"column":4},"end":{"line":98,"column":5}},{"start":{},"end":{}}],"line":95},"5":{"loc":{"start":{"line":124,"column":4},"end":{"line":124,"column":55}},"type":"if","locations":[{"start":{"line":124,"column":4},"end":{"line":124,"column":55}},{"start":{},"end":{}}],"line":124},"6":{"loc":{"start":{"line":159,"column":4},"end":{"line":159,"column":55}},"type":"if","locations":[{"start":{"line":159,"column":4},"end":{"line":159,"column":55}},{"start":{},"end":{}}],"line":159},"7":{"loc":{"start":{"line":178,"column":4},"end":{"line":178,"column":55}},"type":"if","locations":[{"start":{"line":178,"column":4},"end":{"line":178,"column":55}},{"start":{},"end":{}}],"line":178}},"s":{"0":6,"1":6,"2":6,"3":16,"4":16,"5":1,"6":15,"7":15,"8":15,"9":3,"10":2,"11":7,"12":7,"13":7,"14":7,"15":7,"16":7,"17":5,"18":5,"19":5,"20":7,"21":6,"22":6,"23":6,"24":7,"25":2,"26":2,"27":7,"28":7,"29":7,"30":7,"31":7,"32":7,"33":7,"34":7,"35":7,"36":3,"37":4,"38":6,"39":5,"40":5,"41":5,"42":5,"43":5,"44":2,"45":3,"46":4,"47":4,"48":4,"49":2,"50":6},"f":{"0":16,"1":3,"2":7,"3":7,"4":6,"5":4},"b":{"0":[1,15],"1":[5,2],"2":[6,1],"3":[2,5],"4":[7,0],"5":[3,4],"6":[2,3],"7":[2,2]},"_coverageSchema":"1a1c01bbd47fc00a2c39e90264f33305004495a9","hash":"3b112cd087a71356ac5914e7ab2168a6b06be09c"}
,"/mnt/c/Users/Nicky Chen/SpringboardExercises/express-jobly/models/user.js": {"path":"/mnt/c/Users/Nicky Chen/SpringboardExercises/express-jobly/models/user.js","statementMap":{"0":{"start":{"line":3,"column":11},"end":{"line":3,"column":27}},"1":{"start":{"line":4,"column":15},"end":{"line":4,"column":32}},"2":{"start":{"line":5,"column":32},"end":{"line":5,"column":57}},"3":{"start":{"line":10,"column":4},"end":{"line":10,"column":30}},"4":{"start":{"line":12,"column":31},"end":{"line":12,"column":54}},"5":{"start":{"line":26,"column":19},"end":{"line":36,"column":5}},"6":{"start":{"line":38,"column":17},"end":{"line":38,"column":31}},"7":{"start":{"line":40,"column":4},"end":{"line":47,"column":5}},"8":{"start":{"line":42,"column":22},"end":{"line":42,"column":67}},"9":{"start":{"line":43,"column":6},"end":{"line":46,"column":7}},"10":{"start":{"line":44,"column":8},"end":{"line":44,"column":29}},"11":{"start":{"line":45,"column":8},"end":{"line":45,"column":20}},"12":{"start":{"line":49,"column":4},"end":{"line":49,"column":61}},"13":{"start":{"line":61,"column":27},"end":{"line":66,"column":5}},"14":{"start":{"line":68,"column":4},"end":{"line":70,"column":5}},"15":{"start":{"line":69,"column":6},"end":{"line":69,"column":67}},"16":{"start":{"line":72,"column":27},"end":{"line":72,"column":74}},"17":{"start":{"line":74,"column":19},"end":{"line":92,"column":5}},"18":{"start":{"line":94,"column":17},"end":{"line":94,"column":31}},"19":{"start":{"line":96,"column":4},"end":{"line":96,"column":16}},"20":{"start":{"line":105,"column":19},"end":{"line":113,"column":5}},"21":{"start":{"line":115,"column":4},"end":{"line":115,"column":23}},"22":{"start":{"line":127,"column":20},"end":{"line":136,"column":5}},"23":{"start":{"line":138,"column":17},"end":{"line":138,"column":32}},"24":{"start":{"line":140,"column":4},"end":{"line":140,"column":63}},"25":{"start":{"line":140,"column":15},"end":{"line":140,"column":63}},"26":{"start":{"line":142,"column":19},"end":{"line":148,"column":5}},"27":{"start":{"line":149,"column":19},"end":{"line":149,"column":49}},"28":{"start":{"line":149,"column":42},"end":{"line":149,"column":48}},"29":{"start":{"line":150,"column":4},"end":{"line":150,"column":23}},"30":{"start":{"line":152,"column":4},"end":{"line":152,"column":16}},"31":{"start":{"line":173,"column":4},"end":{"line":175,"column":5}},"32":{"start":{"line":174,"column":6},"end":{"line":174,"column":75}},"33":{"start":{"line":177,"column":32},"end":{"line":183,"column":10}},"34":{"start":{"line":184,"column":27},"end":{"line":184,"column":52}},"35":{"start":{"line":186,"column":21},"end":{"line":193,"column":54}},"36":{"start":{"line":194,"column":19},"end":{"line":194,"column":66}},"37":{"start":{"line":195,"column":17},"end":{"line":195,"column":31}},"38":{"start":{"line":197,"column":4},"end":{"line":197,"column":63}},"39":{"start":{"line":197,"column":15},"end":{"line":197,"column":63}},"40":{"start":{"line":199,"column":4},"end":{"line":199,"column":25}},"41":{"start":{"line":200,"column":4},"end":{"line":200,"column":16}},"42":{"start":{"line":206,"column":17},"end":{"line":212,"column":5}},"43":{"start":{"line":213,"column":17},"end":{"line":213,"column":31}},"44":{"start":{"line":215,"column":4},"end":{"line":215,"column":63}},"45":{"start":{"line":215,"column":15},"end":{"line":215,"column":63}},"46":{"start":{"line":221,"column":17},"end":{"line":227,"column":5}},"47":{"start":{"line":228,"column":4},"end":{"line":228,"column":26}},"48":{"start":{"line":233,"column":0},"end":{"line":233,"column":22}}},"fnMap":{"0":{"name":"(anonymous_0)","decl":{"start":{"line":24,"column":2},"end":{"line":24,"column":3}},"loc":{"start":{"line":24,"column":48},"end":{"line":50,"column":3}},"line":24},"1":{"name":"(anonymous_1)","decl":{"start":{"line":59,"column":2},"end":{"line":59,"column":3}},"loc":{"start":{"line":60,"column":67},"end":{"line":97,"column":3}},"line":60},"2":{"name":"(anonymous_2)","decl":{"start":{"line":104,"column":2},"end":{"line":104,"column":3}},"loc":{"start":{"line":104,"column":25},"end":{"line":116,"column":3}},"line":104},"3":{"name":"(anonymous_3)","decl":{"start":{"line":126,"column":2},"end":{"line":126,"column":3}},"loc":{"start":{"line":126,"column":29},"end":{"line":153,"column":3}},"line":126},"4":{"name":"(anonymous_4)","decl":{"start":{"line":149,"column":35},"end":{"line":149,"column":36}},"loc":{"start":{"line":149,"column":42},"end":{"line":149,"column":48}},"line":149},"5":{"name":"(anonymous_5)","decl":{"start":{"line":172,"column":2},"end":{"line":172,"column":3}},"loc":{"start":{"line":172,"column":38},"end":{"line":201,"column":3}},"line":172},"6":{"name":"(anonymous_6)","decl":{"start":{"line":205,"column":2},"end":{"line":205,"column":3}},"loc":{"start":{"line":205,"column":32},"end":{"line":216,"column":3}},"line":205},"7":{"name":"(anonymous_7)","decl":{"start":{"line":220,"column":2},"end":{"line":220,"column":3}},"loc":{"start":{"line":220,"column":44},"end":{"line":229,"column":3}},"line":220}},"branchMap":{"0":{"loc":{"start":{"line":40,"column":4},"end":{"line":47,"column":5}},"type":"if","locations":[{"start":{"line":40,"column":4},"end":{"line":47,"column":5}},{"start":{},"end":{}}],"line":40},"1":{"loc":{"start":{"line":43,"column":6},"end":{"line":46,"column":7}},"type":"if","locations":[{"start":{"line":43,"column":6},"end":{"line":46,"column":7}},{"start":{},"end":{}}],"line":43},"2":{"loc":{"start":{"line":68,"column":4},"end":{"line":70,"column":5}},"type":"if","locations":[{"start":{"line":68,"column":4},"end":{"line":70,"column":5}},{"start":{},"end":{}}],"line":68},"3":{"loc":{"start":{"line":140,"column":4},"end":{"line":140,"column":63}},"type":"if","locations":[{"start":{"line":140,"column":4},"end":{"line":140,"column":63}},{"start":{},"end":{}}],"line":140},"4":{"loc":{"start":{"line":173,"column":4},"end":{"line":175,"column":5}},"type":"if","locations":[{"start":{"line":173,"column":4},"end":{"line":175,"column":5}},{"start":{},"end":{}}],"line":173},"5":{"loc":{"start":{"line":197,"column":4},"end":{"line":197,"column":63}},"type":"if","locations":[{"start":{"line":197,"column":4},"end":{"line":197,"column":63}},{"start":{},"end":{}}],"line":197},"6":{"loc":{"start":{"line":215,"column":4},"end":{"line":215,"column":63}},"type":"if","locations":[{"start":{"line":215,"column":4},"end":{"line":215,"column":63}},{"start":{},"end":{}}],"line":215}},"s":{"0":6,"1":6,"2":6,"3":6,"4":6,"5":7,"6":7,"7":7,"8":4,"9":4,"10":3,"11":3,"12":4,"13":19,"14":19,"15":1,"16":18,"17":18,"18":18,"19":18,"20":3,"21":2,"22":10,"23":10,"24":10,"25":3,"26":7,"27":7,"28":3,"29":7,"30":7,"31":8,"32":2,"33":8,"34":7,"35":7,"36":7,"37":7,"38":7,"39":2,"40":5,"41":5,"42":5,"43":5,"44":5,"45":2,"46":6,"47":6,"48":6},"f":{"0":7,"1":19,"2":3,"3":10,"4":3,"5":8,"6":5,"7":6},"b":{"0":[4,3],"1":[3,1],"2":[1,18],"3":[3,7],"4":[2,6],"5":[2,5],"6":[2,3]},"_coverageSchema":"1a1c01bbd47fc00a2c39e90264f33305004495a9","hash":"c4cabdbf7593de9f25100edb55da4e36d2d6c83f"}
,"/mnt/c/Users/Nicky Chen/SpringboardExercises/express-jobly/routes/_testCommon.js": {"path":"/mnt/c/Users/Nicky Chen/SpringboardExercises/express-jobly/routes/_testCommon.js","statementMap":{"0":{"start":{"line":3,"column":11},"end":{"line":3,"column":30}},"1":{"start":{"line":4,"column":13},"end":{"line":4,"column":38}},"2":{"start":{"line":5,"column":16},"end":{"line":5,"column":44}},"3":{"start":{"line":6,"column":12},"end":{"line":6,"column":39}},"4":{"start":{"line":7,"column":24},"end":{"line":7,"column":52}},"5":{"start":{"line":11,"column":2},"end":{"line":11,"column":38}},"6":{"start":{"line":13,"column":2},"end":{"line":13,"column":42}},"7":{"start":{"line":15,"column":2},"end":{"line":22,"column":9}},"8":{"start":{"line":23,"column":2},"end":{"line":30,"column":9}},"9":{"start":{"line":31,"column":2},"end":{"line":38,"column":9}},"10":{"start":{"line":40,"column":2},"end":{"line":47,"column":5}},"11":{"start":{"line":48,"column":2},"end":{"line":55,"column":5}},"12":{"start":{"line":56,"column":2},"end":{"line":63,"column":5}},"13":{"start":{"line":65,"column":2},"end":{"line":70,"column":5}},"14":{"start":{"line":71,"column":2},"end":{"line":76,"column":5}},"15":{"start":{"line":77,"column":2},"end":{"line":82,"column":5}},"16":{"start":{"line":86,"column":2},"end":{"line":86,"column":26}},"17":{"start":{"line":90,"column":2},"end":{"line":90,"column":29}},"18":{"start":{"line":94,"column":2},"end":{"line":94,"column":17}},"19":{"start":{"line":98,"column":17},"end":{"line":98,"column":21}},"20":{"start":{"line":99,"column":12},"end":{"line":99,"column":76}},"21":{"start":{"line":100,"column":13},"end":{"line":100,"column":24}},"22":{"start":{"line":101,"column":2},"end":{"line":101,"column":12}},"23":{"start":{"line":104,"column":16},"end":{"line":104,"column":62}},"24":{"start":{"line":105,"column":16},"end":{"line":105,"column":63}},"25":{"start":{"line":107,"column":0},"end":{"line":115,"column":2}}},"fnMap":{"0":{"name":"commonBeforeAll","decl":{"start":{"line":9,"column":15},"end":{"line":9,"column":30}},"loc":{"start":{"line":9,"column":33},"end":{"line":83,"column":1}},"line":9},"1":{"name":"commonBeforeEach","decl":{"start":{"line":85,"column":15},"end":{"line":85,"column":31}},"loc":{"start":{"line":85,"column":34},"end":{"line":87,"column":1}},"line":85},"2":{"name":"commonAfterEach","decl":{"start":{"line":89,"column":15},"end":{"line":89,"column":30}},"loc":{"start":{"line":89,"column":33},"end":{"line":91,"column":1}},"line":89},"3":{"name":"commonAfterAll","decl":{"start":{"line":93,"column":15},"end":{"line":93,"column":29}},"loc":{"start":{"line":93,"column":32},"end":{"line":95,"column":1}},"line":93},"4":{"name":"getJobId","decl":{"start":{"line":97,"column":15},"end":{"line":97,"column":23}},"loc":{"start":{"line":97,"column":26},"end":{"line":102,"column":1}},"line":97}},"branchMap":{},"s":{"0":4,"1":4,"2":4,"3":4,"4":4,"5":4,"6":4,"7":4,"8":4,"9":4,"10":4,"11":4,"12":4,"13":4,"14":4,"15":4,"16":84,"17":84,"18":4,"19":15,"20":15,"21":15,"22":15,"23":4,"24":4,"25":4},"f":{"0":4,"1":84,"2":84,"3":4,"4":15},"b":{},"_coverageSchema":"1a1c01bbd47fc00a2c39e90264f33305004495a9","hash":"dc74249ef5627d92aa7a60b32d1774097f8d3cf3"}
,"/mnt/c/Users/Nicky Chen/SpringboardExercises/express-jobly/routes/auth.js": {"path":"/mnt/c/Users/Nicky Chen/SpringboardExercises/express-jobly/routes/auth.js","statementMap":{"0":{"start":{"line":5,"column":19},"end":{"line":5,"column":40}},"1":{"start":{"line":7,"column":13},"end":{"line":7,"column":38}},"2":{"start":{"line":8,"column":16},"end":{"line":8,"column":34}},"3":{"start":{"line":9,"column":15},"end":{"line":9,"column":35}},"4":{"start":{"line":10,"column":24},"end":{"line":10,"column":52}},"5":{"start":{"line":11,"column":23},"end":{"line":11,"column":58}},"6":{"start":{"line":12,"column":27},"end":{"line":12,"column":66}},"7":{"start":{"line":13,"column":28},"end":{"line":13,"column":54}},"8":{"start":{"line":22,"column":0},"end":{"line":37,"column":3}},"9":{"start":{"line":23,"column":2},"end":{"line":36,"column":3}},"10":{"start":{"line":24,"column":22},"end":{"line":24,"column":67}},"11":{"start":{"line":25,"column":4},"end":{"line":28,"column":5}},"12":{"start":{"line":26,"column":19},"end":{"line":26,"column":53}},"13":{"start":{"line":26,"column":45},"end":{"line":26,"column":52}},"14":{"start":{"line":27,"column":6},"end":{"line":27,"column":38}},"15":{"start":{"line":30,"column":35},"end":{"line":30,"column":43}},"16":{"start":{"line":31,"column":17},"end":{"line":31,"column":60}},"17":{"start":{"line":32,"column":18},"end":{"line":32,"column":35}},"18":{"start":{"line":33,"column":4},"end":{"line":33,"column":31}},"19":{"start":{"line":35,"column":4},"end":{"line":35,"column":21}},"20":{"start":{"line":49,"column":0},"end":{"line":63,"column":3}},"21":{"start":{"line":50,"column":2},"end":{"line":62,"column":3}},"22":{"start":{"line":51,"column":22},"end":{"line":51,"column":71}},"23":{"start":{"line":52,"column":4},"end":{"line":55,"column":5}},"24":{"start":{"line":53,"column":19},"end":{"line":53,"column":53}},"25":{"start":{"line":53,"column":45},"end":{"line":53,"column":52}},"26":{"start":{"line":54,"column":6},"end":{"line":54,"column":38}},"27":{"start":{"line":57,"column":20},"end":{"line":57,"column":72}},"28":{"start":{"line":58,"column":18},"end":{"line":58,"column":38}},"29":{"start":{"line":59,"column":4},"end":{"line":59,"column":43}},"30":{"start":{"line":61,"column":4},"end":{"line":61,"column":21}},"31":{"start":{"line":66,"column":0},"end":{"line":66,"column":24}}},"fnMap":{"0":{"name":"(anonymous_0)","decl":{"start":{"line":22,"column":22},"end":{"line":22,"column":23}},"loc":{"start":{"line":22,"column":54},"end":{"line":37,"column":1}},"line":22},"1":{"name":"(anonymous_1)","decl":{"start":{"line":26,"column":40},"end":{"line":26,"column":41}},"loc":{"start":{"line":26,"column":45},"end":{"line":26,"column":52}},"line":26},"2":{"name":"(anonymous_2)","decl":{"start":{"line":49,"column":25},"end":{"line":49,"column":26}},"loc":{"start":{"line":49,"column":57},"end":{"line":63,"column":1}},"line":49},"3":{"name":"(anonymous_3)","decl":{"start":{"line":53,"column":40},"end":{"line":53,"column":41}},"loc":{"start":{"line":53,"column":45},"end":{"line":53,"column":52}},"line":53}},"branchMap":{"0":{"loc":{"start":{"line":25,"column":4},"end":{"line":28,"column":5}},"type":"if","locations":[{"start":{"line":25,"column":4},"end":{"line":28,"column":5}},{"start":{},"end":{}}],"line":25},"1":{"loc":{"start":{"line":52,"column":4},"end":{"line":55,"column":5}},"type":"if","locations":[{"start":{"line":52,"column":4},"end":{"line":55,"column":5}},{"start":{},"end":{}}],"line":52}},"s":{"0":5,"1":5,"2":5,"3":5,"4":5,"5":5,"6":5,"7":5,"8":5,"9":5,"10":5,"11":5,"12":2,"13":2,"14":2,"15":3,"16":3,"17":1,"18":1,"19":4,"20":5,"21":3,"22":3,"23":3,"24":2,"25":5,"26":2,"27":1,"28":1,"29":1,"30":2,"31":5},"f":{"0":5,"1":2,"2":3,"3":5},"b":{"0":[2,3],"1":[2,1]},"_coverageSchema":"1a1c01bbd47fc00a2c39e90264f33305004495a9","hash":"97f28657802f540644266175826ba110e378b9b3"}
,"/mnt/c/Users/Nicky Chen/SpringboardExercises/express-jobly/routes/companies.js": {"path":"/mnt/c/Users/Nicky Chen/SpringboardExercises/express-jobly/routes/companies.js","statementMap":{"0":{"start":{"line":5,"column":19},"end":{"line":5,"column":40}},"1":{"start":{"line":6,"column":16},"end":{"line":6,"column":34}},"2":{"start":{"line":8,"column":42},"end":{"line":8,"column":68}},"3":{"start":{"line":9,"column":42},"end":{"line":9,"column":71}},"4":{"start":{"line":10,"column":16},"end":{"line":10,"column":44}},"5":{"start":{"line":12,"column":25},"end":{"line":12,"column":62}},"6":{"start":{"line":13,"column":28},"end":{"line":13,"column":68}},"7":{"start":{"line":15,"column":15},"end":{"line":15,"column":35}},"8":{"start":{"line":27,"column":0},"end":{"line":40,"column":3}},"9":{"start":{"line":28,"column":2},"end":{"line":39,"column":3}},"10":{"start":{"line":29,"column":22},"end":{"line":29,"column":69}},"11":{"start":{"line":30,"column":4},"end":{"line":33,"column":5}},"12":{"start":{"line":31,"column":19},"end":{"line":31,"column":53}},"13":{"start":{"line":31,"column":45},"end":{"line":31,"column":52}},"14":{"start":{"line":32,"column":6},"end":{"line":32,"column":38}},"15":{"start":{"line":35,"column":20},"end":{"line":35,"column":50}},"16":{"start":{"line":36,"column":4},"end":{"line":36,"column":45}},"17":{"start":{"line":38,"column":4},"end":{"line":38,"column":21}},"18":{"start":{"line":53,"column":0},"end":{"line":66,"column":3}},"19":{"start":{"line":54,"column":2},"end":{"line":65,"column":3}},"20":{"start":{"line":55,"column":48},"end":{"line":55,"column":57}},"21":{"start":{"line":56,"column":4},"end":{"line":58,"column":5}},"22":{"start":{"line":57,"column":6},"end":{"line":57,"column":87}},"23":{"start":{"line":59,"column":22},"end":{"line":61,"column":31}},"24":{"start":{"line":62,"column":4},"end":{"line":62,"column":35}},"25":{"start":{"line":64,"column":4},"end":{"line":64,"column":21}},"26":{"start":{"line":76,"column":0},"end":{"line":83,"column":3}},"27":{"start":{"line":77,"column":2},"end":{"line":82,"column":3}},"28":{"start":{"line":78,"column":20},"end":{"line":78,"column":56}},"29":{"start":{"line":79,"column":4},"end":{"line":79,"column":33}},"30":{"start":{"line":81,"column":4},"end":{"line":81,"column":21}},"31":{"start":{"line":96,"column":0},"end":{"line":109,"column":3}},"32":{"start":{"line":97,"column":2},"end":{"line":108,"column":3}},"33":{"start":{"line":98,"column":22},"end":{"line":98,"column":72}},"34":{"start":{"line":99,"column":4},"end":{"line":102,"column":5}},"35":{"start":{"line":100,"column":19},"end":{"line":100,"column":53}},"36":{"start":{"line":100,"column":45},"end":{"line":100,"column":52}},"37":{"start":{"line":101,"column":6},"end":{"line":101,"column":38}},"38":{"start":{"line":104,"column":20},"end":{"line":104,"column":69}},"39":{"start":{"line":105,"column":4},"end":{"line":105,"column":33}},"40":{"start":{"line":107,"column":4},"end":{"line":107,"column":21}},"41":{"start":{"line":116,"column":0},"end":{"line":123,"column":3}},"42":{"start":{"line":117,"column":2},"end":{"line":122,"column":3}},"43":{"start":{"line":118,"column":4},"end":{"line":118,"column":44}},"44":{"start":{"line":119,"column":4},"end":{"line":119,"column":52}},"45":{"start":{"line":121,"column":4},"end":{"line":121,"column":21}},"46":{"start":{"line":126,"column":0},"end":{"line":126,"column":24}}},"fnMap":{"0":{"name":"(anonymous_0)","decl":{"start":{"line":27,"column":32},"end":{"line":27,"column":33}},"loc":{"start":{"line":27,"column":64},"end":{"line":40,"column":1}},"line":27},"1":{"name":"(anonymous_1)","decl":{"start":{"line":31,"column":40},"end":{"line":31,"column":41}},"loc":{"start":{"line":31,"column":45},"end":{"line":31,"column":52}},"line":31},"2":{"name":"(anonymous_2)","decl":{"start":{"line":53,"column":16},"end":{"line":53,"column":17}},"loc":{"start":{"line":53,"column":48},"end":{"line":66,"column":1}},"line":53},"3":{"name":"(anonymous_3)","decl":{"start":{"line":76,"column":23},"end":{"line":76,"column":24}},"loc":{"start":{"line":76,"column":55},"end":{"line":83,"column":1}},"line":76},"4":{"name":"(anonymous_4)","decl":{"start":{"line":96,"column":40},"end":{"line":96,"column":41}},"loc":{"start":{"line":96,"column":72},"end":{"line":109,"column":1}},"line":96},"5":{"name":"(anonymous_5)","decl":{"start":{"line":100,"column":40},"end":{"line":100,"column":41}},"loc":{"start":{"line":100,"column":45},"end":{"line":100,"column":52}},"line":100},"6":{"name":"(anonymous_6)","decl":{"start":{"line":116,"column":41},"end":{"line":116,"column":42}},"loc":{"start":{"line":116,"column":73},"end":{"line":123,"column":1}},"line":116}},"branchMap":{"0":{"loc":{"start":{"line":30,"column":4},"end":{"line":33,"column":5}},"type":"if","locations":[{"start":{"line":30,"column":4},"end":{"line":33,"column":5}},{"start":{},"end":{}}],"line":30},"1":{"loc":{"start":{"line":56,"column":4},"end":{"line":58,"column":5}},"type":"if","locations":[{"start":{"line":56,"column":4},"end":{"line":58,"column":5}},{"start":{},"end":{}}],"line":56},"2":{"loc":{"start":{"line":59,"column":22},"end":{"line":61,"column":31}},"type":"cond-expr","locations":[{"start":{"line":60,"column":8},"end":{"line":60,"column":41}},{"start":{"line":61,"column":8},"end":{"line":61,"column":31}}],"line":59},"3":{"loc":{"start":{"line":59,"column":23},"end":{"line":59,"column":59}},"type":"binary-expr","locations":[{"start":{"line":59,"column":23},"end":{"line":59,"column":27}},{"start":{"line":59,"column":31},"end":{"line":59,"column":43}},{"start":{"line":59,"column":47},"end":{"line":59,"column":59}}],"line":59},"4":{"loc":{"start":{"line":99,"column":4},"end":{"line":102,"column":5}},"type":"if","locations":[{"start":{"line":99,"column":4},"end":{"line":102,"column":5}},{"start":{},"end":{}}],"line":99}},"s":{"0":5,"1":5,"2":5,"3":5,"4":5,"5":5,"6":5,"7":5,"8":5,"9":3,"10":3,"11":3,"12":2,"13":3,"14":2,"15":1,"16":1,"17":2,"18":5,"19":5,"20":5,"21":5,"22":1,"23":4,"24":3,"25":2,"26":5,"27":3,"28":3,"29":2,"30":1,"31":5,"32":4,"33":4,"34":4,"35":2,"36":2,"37":2,"38":2,"39":1,"40":3,"41":5,"42":2,"43":2,"44":1,"45":1,"46":5},"f":{"0":3,"1":3,"2":5,"3":3,"4":4,"5":2,"6":2},"b":{"0":[2,1],"1":[1,4],"2":[2,2],"3":[4,2,2],"4":[2,2]},"_coverageSchema":"1a1c01bbd47fc00a2c39e90264f33305004495a9","hash":"32e029079433fcdf4549ff408cacc30ae5b02c3c"}
,"/mnt/c/Users/Nicky Chen/SpringboardExercises/express-jobly/routes/jobs.js": {"path":"/mnt/c/Users/Nicky Chen/SpringboardExercises/express-jobly/routes/jobs.js","statementMap":{"0":{"start":{"line":5,"column":19},"end":{"line":5,"column":40}},"1":{"start":{"line":6,"column":16},"end":{"line":6,"column":34}},"2":{"start":{"line":8,"column":42},"end":{"line":8,"column":68}},"3":{"start":{"line":9,"column":42},"end":{"line":9,"column":71}},"4":{"start":{"line":10,"column":12},"end":{"line":10,"column":36}},"5":{"start":{"line":12,"column":21},"end":{"line":12,"column":54}},"6":{"start":{"line":13,"column":24},"end":{"line":13,"column":60}},"7":{"start":{"line":15,"column":15},"end":{"line":15,"column":35}},"8":{"start":{"line":27,"column":0},"end":{"line":40,"column":3}},"9":{"start":{"line":28,"column":2},"end":{"line":39,"column":3}},"10":{"start":{"line":29,"column":22},"end":{"line":29,"column":65}},"11":{"start":{"line":30,"column":4},"end":{"line":33,"column":5}},"12":{"start":{"line":31,"column":19},"end":{"line":31,"column":53}},"13":{"start":{"line":31,"column":45},"end":{"line":31,"column":52}},"14":{"start":{"line":32,"column":6},"end":{"line":32,"column":38}},"15":{"start":{"line":35,"column":16},"end":{"line":35,"column":42}},"16":{"start":{"line":36,"column":4},"end":{"line":36,"column":41}},"17":{"start":{"line":38,"column":4},"end":{"line":38,"column":21}},"18":{"start":{"line":53,"column":0},"end":{"line":66,"column":3}},"19":{"start":{"line":54,"column":2},"end":{"line":65,"column":3}},"20":{"start":{"line":55,"column":43},"end":{"line":55,"column":52}},"21":{"start":{"line":56,"column":4},"end":{"line":58,"column":5}},"22":{"start":{"line":57,"column":6},"end":{"line":57,"column":78}},"23":{"start":{"line":59,"column":17},"end":{"line":61,"column":27}},"24":{"start":{"line":62,"column":4},"end":{"line":62,"column":30}},"25":{"start":{"line":64,"column":4},"end":{"line":64,"column":21}},"26":{"start":{"line":75,"column":0},"end":{"line":82,"column":3}},"27":{"start":{"line":76,"column":2},"end":{"line":81,"column":3}},"28":{"start":{"line":77,"column":16},"end":{"line":77,"column":44}},"29":{"start":{"line":78,"column":4},"end":{"line":78,"column":29}},"30":{"start":{"line":80,"column":4},"end":{"line":80,"column":21}},"31":{"start":{"line":95,"column":0},"end":{"line":108,"column":3}},"32":{"start":{"line":96,"column":2},"end":{"line":107,"column":3}},"33":{"start":{"line":97,"column":22},"end":{"line":97,"column":68}},"34":{"start":{"line":98,"column":4},"end":{"line":101,"column":5}},"35":{"start":{"line":99,"column":19},"end":{"line":99,"column":53}},"36":{"start":{"line":99,"column":45},"end":{"line":99,"column":52}},"37":{"start":{"line":100,"column":6},"end":{"line":100,"column":38}},"38":{"start":{"line":103,"column":16},"end":{"line":103,"column":57}},"39":{"start":{"line":104,"column":4},"end":{"line":104,"column":29}},"40":{"start":{"line":106,"column":4},"end":{"line":106,"column":21}},"41":{"start":{"line":115,"column":0},"end":{"line":122,"column":3}},"42":{"start":{"line":116,"column":2},"end":{"line":121,"column":3}},"43":{"start":{"line":117,"column":4},"end":{"line":117,"column":36}},"44":{"start":{"line":118,"column":4},"end":{"line":118,"column":48}},"45":{"start":{"line":120,"column":4},"end":{"line":120,"column":21}},"46":{"start":{"line":125,"column":0},"end":{"line":125,"column":24}}},"fnMap":{"0":{"name":"(anonymous_0)","decl":{"start":{"line":27,"column":32},"end":{"line":27,"column":33}},"loc":{"start":{"line":27,"column":64},"end":{"line":40,"column":1}},"line":27},"1":{"name":"(anonymous_1)","decl":{"start":{"line":31,"column":40},"end":{"line":31,"column":41}},"loc":{"start":{"line":31,"column":45},"end":{"line":31,"column":52}},"line":31},"2":{"name":"(anonymous_2)","decl":{"start":{"line":53,"column":16},"end":{"line":53,"column":17}},"loc":{"start":{"line":53,"column":48},"end":{"line":66,"column":1}},"line":53},"3":{"name":"(anonymous_3)","decl":{"start":{"line":75,"column":19},"end":{"line":75,"column":20}},"loc":{"start":{"line":75,"column":51},"end":{"line":82,"column":1}},"line":75},"4":{"name":"(anonymous_4)","decl":{"start":{"line":95,"column":36},"end":{"line":95,"column":37}},"loc":{"start":{"line":95,"column":68},"end":{"line":108,"column":1}},"line":95},"5":{"name":"(anonymous_5)","decl":{"start":{"line":99,"column":40},"end":{"line":99,"column":41}},"loc":{"start":{"line":99,"column":45},"end":{"line":99,"column":52}},"line":99},"6":{"name":"(anonymous_6)","decl":{"start":{"line":115,"column":37},"end":{"line":115,"column":38}},"loc":{"start":{"line":115,"column":69},"end":{"line":122,"column":1}},"line":115}},"branchMap":{"0":{"loc":{"start":{"line":30,"column":4},"end":{"line":33,"column":5}},"type":"if","locations":[{"start":{"line":30,"column":4},"end":{"line":33,"column":5}},{"start":{},"end":{}}],"line":30},"1":{"loc":{"start":{"line":56,"column":4},"end":{"line":58,"column":5}},"type":"if","locations":[{"start":{"line":56,"column":4},"end":{"line":58,"column":5}},{"start":{},"end":{}}],"line":56},"2":{"loc":{"start":{"line":59,"column":17},"end":{"line":61,"column":27}},"type":"cond-expr","locations":[{"start":{"line":60,"column":8},"end":{"line":60,"column":37}},{"start":{"line":61,"column":8},"end":{"line":61,"column":27}}],"line":59},"3":{"loc":{"start":{"line":59,"column":18},"end":{"line":59,"column":49}},"type":"binary-expr","locations":[{"start":{"line":59,"column":18},"end":{"line":59,"column":23}},{"start":{"line":59,"column":27},"end":{"line":59,"column":36}},{"start":{"line":59,"column":40},"end":{"line":59,"column":49}}],"line":59},"4":{"loc":{"start":{"line":98,"column":4},"end":{"line":101,"column":5}},"type":"if","locations":[{"start":{"line":98,"column":4},"end":{"line":101,"column":5}},{"start":{},"end":{}}],"line":98}},"s":{"0":5,"1":5,"2":5,"3":5,"4":5,"5":5,"6":5,"7":5,"8":5,"9":3,"10":3,"11":3,"12":2,"13":3,"14":2,"15":1,"16":1,"17":2,"18":5,"19":5,"20":5,"21":5,"22":1,"23":4,"24":3,"25":2,"26":5,"27":2,"28":2,"29":1,"30":1,"31":5,"32":4,"33":4,"34":4,"35":2,"36":2,"37":2,"38":2,"39":1,"40":3,"41":5,"42":2,"43":2,"44":1,"45":1,"46":5},"f":{"0":3,"1":3,"2":5,"3":2,"4":4,"5":2,"6":2},"b":{"0":[2,1],"1":[1,4],"2":[2,2],"3":[4,3,2],"4":[2,2]},"_coverageSchema":"1a1c01bbd47fc00a2c39e90264f33305004495a9","hash":"08f0aa3d8a395f39e06e29ab9517e997d013a147"}
,"/mnt/c/Users/Nicky Chen/SpringboardExercises/express-jobly/routes/users.js": {"path":"/mnt/c/Users/Nicky Chen/SpringboardExercises/express-jobly/routes/users.js","statementMap":{"0":{"start":{"line":5,"column":19},"end":{"line":5,"column":40}},"1":{"start":{"line":7,"column":16},"end":{"line":7,"column":34}},"2":{"start":{"line":8,"column":61},"end":{"line":8,"column":90}},"3":{"start":{"line":9,"column":42},"end":{"line":9,"column":68}},"4":{"start":{"line":10,"column":13},"end":{"line":10,"column":38}},"5":{"start":{"line":11,"column":12},"end":{"line":11,"column":36}},"6":{"start":{"line":12,"column":24},"end":{"line":12,"column":52}},"7":{"start":{"line":13,"column":22},"end":{"line":13,"column":56}},"8":{"start":{"line":14,"column":25},"end":{"line":14,"column":62}},"9":{"start":{"line":16,"column":15},"end":{"line":16,"column":31}},"10":{"start":{"line":31,"column":0},"end":{"line":45,"column":3}},"11":{"start":{"line":32,"column":2},"end":{"line":44,"column":3}},"12":{"start":{"line":33,"column":22},"end":{"line":33,"column":66}},"13":{"start":{"line":34,"column":4},"end":{"line":37,"column":5}},"14":{"start":{"line":35,"column":19},"end":{"line":35,"column":53}},"15":{"start":{"line":35,"column":45},"end":{"line":35,"column":52}},"16":{"start":{"line":36,"column":6},"end":{"line":36,"column":38}},"17":{"start":{"line":39,"column":17},"end":{"line":39,"column":46}},"18":{"start":{"line":40,"column":18},"end":{"line":40,"column":35}},"19":{"start":{"line":41,"column":4},"end":{"line":41,"column":49}},"20":{"start":{"line":43,"column":4},"end":{"line":43,"column":21}},"21":{"start":{"line":55,"column":0},"end":{"line":66,"column":3}},"22":{"start":{"line":56,"column":2},"end":{"line":65,"column":3}},"23":{"start":{"line":57,"column":27},"end":{"line":57,"column":37}},"24":{"start":{"line":58,"column":4},"end":{"line":58,"column":29}},"25":{"start":{"line":59,"column":4},"end":{"line":59,"column":22}},"26":{"start":{"line":60,"column":4},"end":{"line":60,"column":40}},"27":{"start":{"line":62,"column":4},"end":{"line":62,"column":45}},"28":{"start":{"line":64,"column":4},"end":{"line":64,"column":21}},"29":{"start":{"line":75,"column":0},"end":{"line":82,"column":3}},"30":{"start":{"line":76,"column":2},"end":{"line":81,"column":3}},"31":{"start":{"line":77,"column":18},"end":{"line":77,"column":38}},"32":{"start":{"line":78,"column":4},"end":{"line":78,"column":31}},"33":{"start":{"line":80,"column":4},"end":{"line":80,"column":21}},"34":{"start":{"line":92,"column":0},"end":{"line":99,"column":3}},"35":{"start":{"line":93,"column":2},"end":{"line":98,"column":3}},"36":{"start":{"line":94,"column":17},"end":{"line":94,"column":52}},"37":{"start":{"line":95,"column":4},"end":{"line":95,"column":30}},"38":{"start":{"line":97,"column":4},"end":{"line":97,"column":21}},"39":{"start":{"line":112,"column":0},"end":{"line":125,"column":3}},"40":{"start":{"line":113,"column":2},"end":{"line":124,"column":3}},"41":{"start":{"line":114,"column":22},"end":{"line":114,"column":69}},"42":{"start":{"line":115,"column":4},"end":{"line":118,"column":5}},"43":{"start":{"line":116,"column":19},"end":{"line":116,"column":53}},"44":{"start":{"line":116,"column":45},"end":{"line":116,"column":52}},"45":{"start":{"line":117,"column":6},"end":{"line":117,"column":38}},"46":{"start":{"line":120,"column":17},"end":{"line":120,"column":65}},"47":{"start":{"line":121,"column":4},"end":{"line":121,"column":30}},"48":{"start":{"line":123,"column":4},"end":{"line":123,"column":21}},"49":{"start":{"line":133,"column":0},"end":{"line":140,"column":3}},"50":{"start":{"line":134,"column":2},"end":{"line":139,"column":3}},"51":{"start":{"line":135,"column":4},"end":{"line":135,"column":43}},"52":{"start":{"line":136,"column":4},"end":{"line":136,"column":54}},"53":{"start":{"line":138,"column":4},"end":{"line":138,"column":21}},"54":{"start":{"line":143,"column":0},"end":{"line":143,"column":24}}},"fnMap":{"0":{"name":"(anonymous_0)","decl":{"start":{"line":31,"column":32},"end":{"line":31,"column":33}},"loc":{"start":{"line":31,"column":64},"end":{"line":45,"column":1}},"line":31},"1":{"name":"(anonymous_1)","decl":{"start":{"line":35,"column":40},"end":{"line":35,"column":41}},"loc":{"start":{"line":35,"column":45},"end":{"line":35,"column":52}},"line":35},"2":{"name":"(anonymous_2)","decl":{"start":{"line":55,"column":54},"end":{"line":55,"column":55}},"loc":{"start":{"line":55,"column":86},"end":{"line":66,"column":1}},"line":55},"3":{"name":"(anonymous_3)","decl":{"start":{"line":75,"column":31},"end":{"line":75,"column":32}},"loc":{"start":{"line":75,"column":63},"end":{"line":82,"column":1}},"line":75},"4":{"name":"(anonymous_4)","decl":{"start":{"line":92,"column":44},"end":{"line":92,"column":45}},"loc":{"start":{"line":92,"column":76},"end":{"line":99,"column":1}},"line":92},"5":{"name":"(anonymous_5)","decl":{"start":{"line":112,"column":46},"end":{"line":112,"column":47}},"loc":{"start":{"line":112,"column":78},"end":{"line":125,"column":1}},"line":112},"6":{"name":"(anonymous_6)","decl":{"start":{"line":116,"column":40},"end":{"line":116,"column":41}},"loc":{"start":{"line":116,"column":45},"end":{"line":116,"column":52}},"line":116},"7":{"name":"(anonymous_7)","decl":{"start":{"line":133,"column":47},"end":{"line":133,"column":48}},"loc":{"start":{"line":133,"column":79},"end":{"line":140,"column":1}},"line":133}},"branchMap":{"0":{"loc":{"start":{"line":34,"column":4},"end":{"line":37,"column":5}},"type":"if","locations":[{"start":{"line":34,"column":4},"end":{"line":37,"column":5}},{"start":{},"end":{}}],"line":34},"1":{"loc":{"start":{"line":115,"column":4},"end":{"line":118,"column":5}},"type":"if","locations":[{"start":{"line":115,"column":4},"end":{"line":118,"column":5}},{"start":{},"end":{}}],"line":115}},"s":{"0":5,"1":5,"2":5,"3":5,"4":5,"5":5,"6":5,"7":5,"8":5,"9":5,"10":5,"11":4,"12":4,"13":4,"14":2,"15":5,"16":2,"17":2,"18":2,"19":2,"20":2,"21":5,"22":4,"23":4,"24":4,"25":3,"26":2,"27":2,"28":2,"29":5,"30":2,"31":2,"32":1,"33":1,"34":5,"35":4,"36":4,"37":3,"38":1,"39":5,"40":5,"41":5,"42":5,"43":1,"44":1,"45":1,"46":4,"47":3,"48":2,"49":5,"50":3,"51":3,"52":2,"53":1,"54":5},"f":{"0":4,"1":5,"2":4,"3":2,"4":4,"5":5,"6":1,"7":3},"b":{"0":[2,2],"1":[1,4]},"_coverageSchema":"1a1c01bbd47fc00a2c39e90264f33305004495a9","hash":"fbd7edb6f27d6e235b180de5e9446772cd8a79bd"}
}
