TN:
SF:app.js
FN:30,(anonymous_0)
FN:35,(anonymous_1)
FNF:2
FNH:2
FNDA:2,(anonymous_0)
FNDA:39,(anonymous_1)
DA:5,4
DA:6,4
DA:8,4
DA:10,4
DA:11,4
DA:12,4
DA:13,4
DA:15,4
DA:17,4
DA:19,4
DA:20,4
DA:21,4
DA:22,4
DA:24,4
DA:25,4
DA:26,4
DA:30,4
DA:31,2
DA:35,4
DA:36,39
DA:37,39
DA:38,39
DA:40,39
DA:45,4
LF:24
LH:24
BRDA:36,0,0,1
BRDA:36,0,1,38
BRDA:37,1,0,39
BRDA:37,1,1,2
BRF:4
BRH:4
end_of_record
TN:
SF:config.js
FN:13,getDatabaseUri
FNF:1
FNH:1
FNDA:18,getDatabaseUri
DA:5,9
DA:6,9
DA:8,9
DA:10,9
DA:14,18
DA:22,9
DA:24,9
DA:25,9
DA:26,9
DA:27,9
DA:28,9
DA:29,9
DA:31,9
LF:13
LH:13
BRDA:8,0,0,9
BRDA:8,0,1,8
BRDA:10,1,0,9
BRDA:10,1,1,8
BRDA:14,2,0,15
BRDA:14,2,1,3
BRDA:16,3,0,3
BRDA:16,3,1,1
BRDA:22,4,0,8
BRDA:22,4,1,1
BRF:10
BRH:10
end_of_record
TN:
SF:db.js
FNF:0
FNH:0
DA:3,6
DA:4,6
DA:8,6
DA:9,0
DA:16,6
DA:21,6
DA:23,6
LF:7
LH:6
BRDA:8,0,0,0
BRDA:8,0,1,6
BRF:2
BRH:1
end_of_record
TN:
SF:expressError.js
FN:8,(anonymous_0)
FN:18,(anonymous_1)
FN:26,(anonymous_2)
FN:34,(anonymous_3)
FN:42,(anonymous_4)
FNF:5
FNH:4
FNDA:51,(anonymous_0)
FNDA:14,(anonymous_1)
FNDA:20,(anonymous_2)
FNDA:16,(anonymous_3)
FNDA:0,(anonymous_4)
DA:9,51
DA:10,51
DA:11,51
DA:19,14
DA:27,20
DA:35,16
DA:43,0
DA:47,8
LF:8
LH:7
BRDA:18,0,0,2
BRDA:26,1,0,16
BRDA:34,2,0,0
BRDA:42,3,0,0
BRF:4
BRH:2
end_of_record
TN:
SF:helpers/sql.js
FN:9,sqlForPartialUpdate
FN:18,(anonymous_1)
FNF:2
FNH:2
FNDA:17,sqlForPartialUpdate
FNDA:27,(anonymous_1)
DA:1,7
DA:11,17
DA:12,17
DA:18,14
DA:19,27
DA:23,14
DA:29,7
LF:7
LH:7
BRDA:12,0,0,3
BRDA:12,0,1,14
BRDA:19,1,0,27
BRDA:19,1,1,11
BRF:4
BRH:4
end_of_record
TN:
SF:helpers/tokens.js
FN:6,createToken
FNF:1
FNH:1
FNDA:13,createToken
DA:1,5
DA:2,5
DA:7,13
DA:10,13
DA:15,13
DA:18,5
LF:6
LH:6
BRDA:12,0,0,13
BRDA:12,0,1,7
BRF:2
BRH:2
end_of_record
TN:
SF:middleware/auth.js
FN:18,authenticateJWT
FN:36,ensureLoggedIn
FN:50,ensureIsAdmin
FN:64,ensureUserOrAdmin
FNF:4
FNH:4
FNDA:62,authenticateJWT
FNDA:2,ensureLoggedIn
FNDA:24,ensureIsAdmin
FNDA:17,ensureUserOrAdmin
DA:5,5
DA:6,5
DA:7,5
DA:19,62
DA:20,62
DA:21,62
DA:22,37
DA:23,37
DA:25,61
DA:27,1
DA:37,2
DA:38,2
DA:39,1
DA:41,1
DA:51,24
DA:52,24
DA:53,15
DA:55,9
DA:65,17
DA:66,17
DA:67,14
DA:68,14
DA:69,14
DA:70,11
DA:72,6
DA:76,5
LF:26
LH:26
BRDA:20,0,0,62
BRDA:20,0,1,61
BRDA:21,1,0,37
BRDA:21,1,1,25
BRDA:38,2,0,1
BRDA:38,2,1,1
BRDA:52,3,0,9
BRDA:52,3,1,15
BRDA:52,4,0,24
BRDA:52,4,1,20
BRDA:66,5,0,3
BRDA:66,5,1,14
BRDA:69,6,0,3
BRDA:69,6,1,11
BRDA:69,7,0,14
BRDA:69,7,1,6
BRF:16
BRH:16
end_of_record
TN:
SF:models/_testCommon.js
FN:6,commonBeforeAll
FN:33,commonBeforeEach
FN:37,commonAfterEach
FN:41,commonAfterAll
FNF:4
FNH:4
FNDA:2,commonBeforeAll
FNDA:29,commonBeforeEach
FNDA:29,commonAfterEach
FNDA:2,commonAfterAll
DA:1,2
DA:3,2
DA:4,2
DA:8,2
DA:10,2
DA:12,2
DA:18,2
DA:34,29
DA:38,29
DA:42,2
DA:46,2
LF:11
LH:11
BRF:0
BRH:0
end_of_record
TN:
SF:models/company.js
FN:19,(anonymous_0)
FN:52,(anonymous_1)
FN:67,(anonymous_2)
FN:112,(anonymous_3)
FN:142,(anonymous_4)
FN:172,(anonymous_5)
FNF:6
FNH:6
FNDA:13,(anonymous_0)
FNDA:3,(anonymous_1)
FNDA:5,(anonymous_2)
FNDA:5,(anonymous_3)
FNDA:6,(anonymous_4)
FNDA:4,(anonymous_5)
DA:3,5
DA:4,5
DA:5,5
DA:20,13
DA:26,13
DA:27,1
DA:29,12
DA:42,12
DA:44,12
DA:53,3
DA:61,2
DA:68,5
DA:69,5
DA:76,5
DA:77,5
DA:78,5
DA:80,5
DA:81,5
DA:82,5
DA:83,5
DA:85,5
DA:86,4
DA:87,4
DA:88,4
DA:90,5
DA:91,4
DA:92,4
DA:93,4
DA:95,5
DA:96,5
DA:97,5
DA:99,5
DA:100,5
DA:101,5
DA:113,5
DA:123,5
DA:125,5
DA:127,3
DA:143,6
DA:149,5
DA:151,5
DA:159,5
DA:160,5
DA:162,5
DA:164,3
DA:173,4
DA:179,4
DA:181,4
DA:186,5
LF:49
LH:49
BRDA:26,0,0,1
BRDA:26,0,1,12
BRDA:80,1,0,5
BRDA:80,1,1,0
BRDA:85,2,0,4
BRDA:85,2,1,1
BRDA:90,3,0,4
BRDA:90,3,1,1
BRDA:95,4,0,5
BRDA:95,4,1,0
BRDA:125,5,0,2
BRDA:125,5,1,3
BRDA:162,6,0,2
BRDA:162,6,1,3
BRDA:181,7,0,2
BRDA:181,7,1,2
BRF:16
BRH:14
end_of_record
TN:
SF:models/user.js
FN:24,(anonymous_0)
FN:59,(anonymous_1)
FN:104,(anonymous_2)
FN:126,(anonymous_3)
FN:162,(anonymous_4)
FN:195,(anonymous_5)
FNF:6
FNH:6
FNDA:7,(anonymous_0)
FNDA:16,(anonymous_1)
FNDA:3,(anonymous_2)
FNDA:5,(anonymous_3)
FNDA:8,(anonymous_4)
FNDA:5,(anonymous_5)
DA:3,5
DA:4,5
DA:5,5
DA:10,5
DA:12,5
DA:26,7
DA:38,7
DA:40,7
DA:42,4
DA:43,4
DA:44,3
DA:45,3
DA:49,4
DA:61,16
DA:68,16
DA:69,1
DA:72,15
DA:74,15
DA:94,15
DA:96,15
DA:105,3
DA:115,2
DA:127,5
DA:138,5
DA:140,5
DA:142,3
DA:163,8
DA:164,2
DA:167,8
DA:174,7
DA:176,7
DA:184,7
DA:185,7
DA:187,7
DA:189,5
DA:190,5
DA:196,5
DA:203,5
DA:205,5
DA:210,5
LF:40
LH:40
BRDA:40,0,0,4
BRDA:40,0,1,3
BRDA:43,1,0,3
BRDA:43,1,1,1
BRDA:68,2,0,1
BRDA:68,2,1,15
BRDA:140,3,0,2
BRDA:140,3,1,3
BRDA:163,4,0,2
BRDA:163,4,1,6
BRDA:187,5,0,2
BRDA:187,5,1,5
BRDA:205,6,0,2
BRDA:205,6,1,3
BRF:14
BRH:14
end_of_record
TN:
SF:routes/_testCommon.js
FN:8,commonBeforeAll
FN:65,commonBeforeEach
FN:69,commonAfterEach
FN:73,commonAfterAll
FNF:4
FNH:4
FNDA:3,commonBeforeAll
FNDA:57,commonBeforeEach
FNDA:57,commonAfterEach
FNDA:3,commonAfterAll
DA:3,3
DA:4,3
DA:5,3
DA:6,3
DA:10,3
DA:12,3
DA:14,3
DA:22,3
DA:30,3
DA:39,3
DA:47,3
DA:55,3
DA:66,57
DA:70,57
DA:74,3
DA:78,3
DA:79,3
DA:81,3
LF:18
LH:18
BRF:0
BRH:0
end_of_record
TN:
SF:routes/auth.js
FN:22,(anonymous_0)
FN:26,(anonymous_1)
FN:49,(anonymous_2)
FN:53,(anonymous_3)
FNF:4
FNH:4
FNDA:5,(anonymous_0)
FNDA:2,(anonymous_1)
FNDA:3,(anonymous_2)
FNDA:5,(anonymous_3)
DA:5,4
DA:7,4
DA:8,4
DA:9,4
DA:10,4
DA:11,4
DA:12,4
DA:13,4
DA:22,4
DA:23,5
DA:24,5
DA:25,5
DA:26,2
DA:27,2
DA:30,3
DA:31,3
DA:32,1
DA:33,1
DA:35,4
DA:49,4
DA:50,3
DA:51,3
DA:52,3
DA:53,5
DA:54,2
DA:57,1
DA:58,1
DA:59,1
DA:61,2
DA:66,4
LF:30
LH:30
BRDA:25,0,0,2
BRDA:25,0,1,3
BRDA:52,1,0,2
BRDA:52,1,1,1
BRF:4
BRH:4
end_of_record
TN:
SF:routes/companies.js
FN:27,(anonymous_0)
FN:31,(anonymous_1)
FN:53,(anonymous_2)
FN:76,(anonymous_3)
FN:96,(anonymous_4)
FN:100,(anonymous_5)
FN:116,(anonymous_6)
FNF:7
FNH:7
FNDA:3,(anonymous_0)
FNDA:3,(anonymous_1)
FNDA:5,(anonymous_2)
FNDA:3,(anonymous_3)
FNDA:4,(anonymous_4)
FNDA:2,(anonymous_5)
FNDA:2,(anonymous_6)
DA:5,4
DA:6,4
DA:8,4
DA:9,4
DA:10,4
DA:12,4
DA:13,4
DA:15,4
DA:27,4
DA:28,3
DA:29,3
DA:30,3
DA:31,3
DA:32,2
DA:35,1
DA:36,1
DA:38,2
DA:53,4
DA:54,5
DA:55,5
DA:56,5
DA:57,1
DA:59,4
DA:62,3
DA:64,2
DA:76,4
DA:77,3
DA:78,3
DA:79,2
DA:81,1
DA:96,4
DA:97,4
DA:98,4
DA:99,4
DA:100,2
DA:101,2
DA:104,2
DA:105,1
DA:107,3
DA:116,4
DA:117,2
DA:118,2
DA:119,1
DA:121,1
DA:126,4
LF:45
LH:45
BRDA:30,0,0,2
BRDA:30,0,1,1
BRDA:56,1,0,1
BRDA:56,1,1,4
BRDA:59,2,0,2
BRDA:59,2,1,2
BRDA:59,3,0,4
BRDA:59,3,1,2
BRDA:59,3,2,2
BRDA:99,4,0,2
BRDA:99,4,1,2
BRF:11
BRH:11
end_of_record
TN:
SF:routes/users.js
FN:30,(anonymous_0)
FN:34,(anonymous_1)
FN:54,(anonymous_2)
FN:71,(anonymous_3)
FN:91,(anonymous_4)
FN:95,(anonymous_5)
FN:112,(anonymous_6)
FNF:7
FNH:7
FNDA:4,(anonymous_0)
FNDA:5,(anonymous_1)
FNDA:2,(anonymous_2)
FNDA:3,(anonymous_3)
FNDA:5,(anonymous_4)
FNDA:1,(anonymous_5)
FNDA:3,(anonymous_6)
DA:5,4
DA:7,4
DA:8,4
DA:9,4
DA:10,4
DA:11,4
DA:12,4
DA:13,4
DA:15,4
DA:30,4
DA:31,4
DA:32,4
DA:33,4
DA:34,5
DA:35,2
DA:38,2
DA:39,2
DA:40,2
DA:42,2
DA:54,4
DA:55,2
DA:56,2
DA:57,1
DA:59,1
DA:71,4
DA:72,3
DA:73,3
DA:74,2
DA:76,1
DA:91,4
DA:92,5
DA:93,5
DA:94,5
DA:95,1
DA:96,1
DA:99,4
DA:100,3
DA:102,2
DA:112,4
DA:113,3
DA:114,3
DA:115,2
DA:117,1
DA:122,4
LF:44
LH:44
BRDA:33,0,0,2
BRDA:33,0,1,2
BRDA:94,1,0,1
BRDA:94,1,1,4
BRF:4
BRH:4
end_of_record
